✓ 登録完了 nerima-kanbetsu-r8 file: https://web.archive.org/web/20260723005707/https://www.city.nerima.tokyo.jp/kusei/tokei/opendata/opendatasite/tokei_kusei/kanbetu.files/r8sainyu.xlsx
✓ 登録完了 nerima-kanbetsu-r8 file: https://web.archive.org/web/20260723005744/https://www.city.nerima.tokyo.jp/kusei/tokei/opendata/opendatasite/tokei_kusei/kanbetu.files/r8saishutu.xlsx
✓ 登録済み nerima-kanbetsu-r8 landing: https://web.archive.org/web/20260410162345/https://www.city.nerima.tokyo.jp/kusei/tokei/opendata/opendatasite/tokei_kusei/kanbetu.html
⚠ 魚拓はあるが sha256 を照合していない原本: 1 件
✓ 登録完了 nerima-kanbetsu-r7 file: https://web.archive.org/web/20260723005851/https://www.city.nerima.tokyo.jp/kusei/tokei/opendata/opendatasite/tokei_kusei/kanbetu.files/r7sainyu.xlsx
✓ 登録完了 nerima-kanbetsu-r7 file: https://web.archive.org/web/20260723005940/https://www.city.nerima.tokyo.jp/kusei/tokei/opendata/opendatasite/tokei_kusei/kanbetu.files/r7saishutu.xlsx
✓ 登録済み nerima-kanbetsu-r7 landing: https://web.archive.org/web/20260410162345/https://www.city.nerima.tokyo.jp/kusei/tokei/opendata/opendatasite/tokei_kusei/kanbetu.html
⚠ 魚拓はあるが sha256 を照合していない原本: 1 件
✓ 登録完了 nerima-kanbetsu-r6 file: https://web.archive.org/web/20260723010113/https://www.city.nerima.tokyo.jp/kusei/tokei/opendata/opendatasite/tokei_kusei/kanbetu.files/r6sainyu.xlsx
✓ 登録完了 nerima-kanbetsu-r6 file: https://web.archive.org/web/20260723010237/https://www.city.nerima.tokyo.jp/kusei/tokei/opendata/opendatasite/tokei_kusei/kanbetu.files/r6saishutu.xlsx
✓ 登録済み nerima-kanbetsu-r6 landing: https://web.archive.org/web/20260410162345/https://www.city.nerima.tokyo.jp/kusei/tokei/opendata/opendatasite/tokei_kusei/kanbetu.html
⚠ 魚拓はあるが sha256 を照合していない原本: 1 件
✓ 登録完了 nerima-kanbetsu-r5 file: https://web.archive.org/web/20260723010450/https://www.city.nerima.tokyo.jp/kusei/tokei/opendata/opendatasite/tokei_kusei/kanbetu.files/r5sainyu.xlsx
✗ 未確認 nerima-kanbetsu-r4 file（次回実行で再試行）
✓ 登録完了 nerima-kanbetsu-r4 file: https://web.archive.org/web/20260723011139/https://www.city.nerima.tokyo.jp/kusei/tokei/opendata/opendatasite/tokei_kusei/kanbetu.files/r4saishutu.xlsx
✓ 登録完了 nerima-kanbetsu-r4 landing: https://web.archive.org/web/20260723011343/https://www.city.nerima.tokyo.jp/kusei/tokei/opendata/opendatasite/tokei_kusei/kanbetu.html
⚠ 魚拓はあるが sha256 を照合していない原本: 1 件
✓ 登録完了 nerima-kanbetsu-r3 file: https://web.archive.org/web/20260723011526/https://www.city.nerima.tokyo.jp/kusei/tokei/opendata/opendatasite/tokei_kusei/kanbetu.files/r3sainyu.xlsx
✓ 登録完了 nerima-kanbetsu-r3 file: https://web.archive.org/web/20260723011655/https://www.city.nerima.tokyo.jp/kusei/tokei/opendata/opendatasite/tokei_kusei/kanbetu.files/r3saishutu.xlsx
✓ 登録済み nerima-kanbetsu-r3 landing: https://web.archive.org/web/20260723011343/https://www.city.nerima.tokyo.jp/kusei/tokei/opendata/opendatasite/tokei_kusei/kanbetu.html
⚠ 魚拓はあるが sha256 を照合していない原本: 1 件
✓ 登録完了 nerima-kanbetsu-r2 file: https://web.archive.org/web/20260723011919/https://www.city.nerima.tokyo.jp/kusei/tokei/opendata/opendatasite/tokei_kusei/kanbetu.files/r2sainyu.xlsx
✓ 登録完了 nerima-kanbetsu-r2 file: https://web.archive.org/web/20260723012036/https://www.city.nerima.tokyo.jp/kusei/tokei/opendata/opendatasite/tokei_kusei/kanbetu.files/r2saishutu.xlsx
✓ 登録済み nerima-kanbetsu-r2 landing: https://web.archive.org/web/20260723011343/https://www.city.nerima.tokyo.jp/kusei/tokei/opendata/opendatasite/tokei_kusei/kanbetu.html
⚠ 魚拓はあるが sha256 を照合していない原本: 1 件
✓ 登録完了 nerima-kanbetsu-r1 file: https://web.archive.org/web/20260723012402/https://www.city.nerima.tokyo.jp/kusei/tokei/opendata/opendatasite/tokei_kusei/kanbetu.files/r1sainyu.xlsx
✓ 登録完了 nerima-kanbetsu-r1 file: https://web.archive.org/web/20260723012540/https://www.city.nerima.tokyo.jp/kusei/tokei/opendata/opendatasite/tokei_kusei/kanbetu.files/r1saishutu.xlsx
✓ 登録済み nerima-kanbetsu-r1 landing: https://web.archive.org/web/20260723011343/https://www.city.nerima.tokyo.jp/kusei/tokei/opendata/opendatasite/tokei_kusei/kanbetu.html
⚠ 魚拓はあるが sha256 を照合していない原本: 1 件
✓ 登録完了 nerima-kanbetsu-h29 file: https://web.archive.org/web/20260723012702/https://www.city.nerima.tokyo.jp/kusei/tokei/opendata/opendatasite/tokei_kusei/kanbetu.files/h29sainyu.xlsx
✓ 登録完了 nerima-kanbetsu-h29 file: https://web.archive.org/web/20260723012829/https://www.city.nerima.tokyo.jp/kusei/tokei/opendata/opendatasite/tokei_kusei/kanbetu.files/h29saishutu.xlsx
✓ 登録済み nerima-kanbetsu-h29 landing: https://web.archive.org/web/20260723011343/https://www.city.nerima.tokyo.jp/kusei/tokei/opendata/opendatasite/tokei_kusei/kanbetu.html
⚠ 魚拓はあるが sha256 を照合していない原本: 1 件
✓ 登録完了 nerima-kanbetsu-h28 file: https://web.archive.org/web/20260723013013/https://www.city.nerima.tokyo.jp/kusei/tokei/opendata/opendatasite/tokei_kusei/kanbetu.files/h28sainyu.xlsx
✓ 登録完了 nerima-kanbetsu-h28 file: https://web.archive.org/web/20260723013108/https://www.city.nerima.tokyo.jp/kusei/tokei/opendata/opendatasite/tokei_kusei/kanbetu.files/h28saishutu.xlsx
✓ 登録済み nerima-kanbetsu-h28 landing: https://web.archive.org/web/20260723011343/https://www.city.nerima.tokyo.jp/kusei/tokei/opendata/opendatasite/tokei_kusei/kanbetu.html
⚠ 魚拓はあるが sha256 を照合していない原本: 1 件
✓ 登録完了 nerima-kanbetsu-h27 file: https://web.archive.org/web/20260723013208/https://www.city.nerima.tokyo.jp/kusei/tokei/opendata/opendatasite/tokei_kusei/kanbetu.files/h27sainyu.xlsx
✓ 登録完了 nerima-kanbetsu-h27 file: https://web.archive.org/web/20260723013247/https://www.city.nerima.tokyo.jp/kusei/tokei/opendata/opendatasite/tokei_kusei/kanbetu.files/h27saishutu.xlsx
✓ 登録済み nerima-kanbetsu-h27 landing: https://web.archive.org/web/20260723011343/https://www.city.nerima.tokyo.jp/kusei/tokei/opendata/opendatasite/tokei_kusei/kanbetu.html
⚠ 魚拓はあるが sha256 を照合していない原本: 1 件
✓ 登録完了 nerima-kanbetsu-h26 file: https://web.archive.org/web/20260723013353/https://www.city.nerima.tokyo.jp/kusei/tokei/opendata/opendatasite/tokei_kusei/kanbetu.files/h26sainyu.xlsx
✓ 登録完了 nerima-kanbetsu-h26 file: https://web.archive.org/web/20260723013449/https://www.city.nerima.tokyo.jp/kusei/tokei/opendata/opendatasite/tokei_kusei/kanbetu.files/h26saishutu.xlsx
✓ 登録済み nerima-kanbetsu-h26 landing: https://web.archive.org/web/20260723011343/https://www.city.nerima.tokyo.jp/kusei/tokei/opendata/opendatasite/tokei_kusei/kanbetu.html
⚠ 魚拓はあるが sha256 を照合していない原本: 1 件
✓ 登録完了 nerima-kanbetsu-h25 file: https://web.archive.org/web/20260723013633/https://www.city.nerima.tokyo.jp/kusei/tokei/opendata/opendatasite/tokei_kusei/kanbetu.files/h25sainyu.xlsx
✓ 登録完了 nerima-kanbetsu-h25 file: https://web.archive.org/web/20260723013736/https://www.city.nerima.tokyo.jp/kusei/tokei/opendata/opendatasite/tokei_kusei/kanbetu.files/h25saishutu.xlsx
✓ 登録済み nerima-kanbetsu-h25 landing: https://web.archive.org/web/20260723011343/https://www.city.nerima.tokyo.jp/kusei/tokei/opendata/opendatasite/tokei_kusei/kanbetu.html
⚠ 魚拓はあるが sha256 を照合していない原本: 1 件
✓ 登録完了 nerima-kanbetsu-h24 file: https://web.archive.org/web/20260723013955/https://www.city.nerima.tokyo.jp/kusei/tokei/opendata/opendatasite/tokei_kusei/kanbetu.files/h24sainyu.xlsx
✓ 登録済み nerima-kanbetsu-r5 file: https://web.archive.org/web/20260723010450/https://www.city.nerima.tokyo.jp/kusei/tokei/opendata/opendatasite/tokei_kusei/kanbetu.files/r5sainyu.xlsx
✓ 登録完了 nerima-kanbetsu-r5 file: https://web.archive.org/web/20260723010623/https://www.city.nerima.tokyo.jp/kusei/tokei/opendata/opendatasite/tokei_kusei/kanbetu.files/r5saishutu.xlsx
✓ 登録済み nerima-kanbetsu-r5 landing: https://web.archive.org/web/20260723011343/https://www.city.nerima.tokyo.jp/kusei/tokei/opendata/opendatasite/tokei_kusei/kanbetu.html
⚠ 魚拓はあるが sha256 を照合していない原本: 1 件
✗ 未確認 nerima-kanbetsu-r4 file（次回実行で再試行）
✓ 登録済み nerima-kanbetsu-r4 file: https://web.archive.org/web/20260723011139/https://www.city.nerima.tokyo.jp/kusei/tokei/opendata/opendatasite/tokei_kusei/kanbetu.files/r4saishutu.xlsx
✓ 登録済み nerima-kanbetsu-r4 landing: https://web.archive.org/web/20260723011343/https://www.city.nerima.tokyo.jp/kusei/tokei/opendata/opendatasite/tokei_kusei/kanbetu.html
⚠ 魚拓はあるが sha256 を照合していない原本: 1 件
✓ 登録完了 nerima-kanbetsu-h30 file: https://web.archive.org/web/20260723015252/https://www.city.nerima.tokyo.jp/kusei/tokei/opendata/opendatasite/tokei_kusei/kanbetu.files/h30sainyu.xlsx
✓ 登録完了 nerima-kanbetsu-h30 file: https://web.archive.org/web/20260723015348/https://www.city.nerima.tokyo.jp/kusei/tokei/opendata/opendatasite/tokei_kusei/kanbetu.files/h30saishutu.xlsx
✓ 登録済み nerima-kanbetsu-h30 landing: https://web.archive.org/web/20260723011343/https://www.city.nerima.tokyo.jp/kusei/tokei/opendata/opendatasite/tokei_kusei/kanbetu.html
⚠ 魚拓はあるが sha256 を照合していない原本: 1 件
✓ 登録済み nerima-kanbetsu-h24 file: https://web.archive.org/web/20260723013955/https://www.city.nerima.tokyo.jp/kusei/tokei/opendata/opendatasite/tokei_kusei/kanbetu.files/h24sainyu.xlsx
✓ 登録済み nerima-kanbetsu-h24 file: https://web.archive.org/web/20260723014124/https://www.city.nerima.tokyo.jp/kusei/tokei/opendata/opendatasite/tokei_kusei/kanbetu.files/h24saishutu.xlsx
✓ 登録完了 nerima-kanbetsu-h24 landing: https://web.archive.org/web/20260723011343/https://www.city.nerima.tokyo.jp/kusei/tokei/opendata/opendatasite/tokei_kusei/kanbetu.html
⚠ 魚拓はあるが sha256 を照合していない原本: 1 件
✓ 登録完了 nerima-kanbetsu-h23 file: https://web.archive.org/web/20260723015733/https://www.city.nerima.tokyo.jp/kusei/tokei/opendata/opendatasite/tokei_kusei/kanbetu.files/h23sainyu.xlsx
✓ 登録完了 nerima-kanbetsu-h23 file: https://web.archive.org/web/20260723015838/https://www.city.nerima.tokyo.jp/kusei/tokei/opendata/opendatasite/tokei_kusei/kanbetu.files/h23saishutu.xlsx
✓ 登録済み nerima-kanbetsu-h23 landing: https://web.archive.org/web/20260723011343/https://www.city.nerima.tokyo.jp/kusei/tokei/opendata/opendatasite/tokei_kusei/kanbetu.html
⚠ 魚拓はあるが sha256 を照合していない原本: 1 件
